#
# A fatal error has been detected by the Java Runtime Environment:
#
#  Internal Error (./open/src/hotspot/share/interpreter/oopMapCache.cpp:111), pid=2660, tid=4076
#  Error: ShouldNotReachHere()
#
# JRE version: OpenJDK Runtime Environment (15.0.2+7) (build 15.0.2+7-27)
# Java VM: OpenJDK 64-Bit Server VM (15.0.2+7-27, mixed mode, tiered, compressed oops, g1 gc, windows-amd64)
# No core dump will be written. Minidumps are not enabled by default on client versions of Windows
#
# If you would like to submit a bug report, please visit:
#   https://bugreport.java.com/bugreport/crash.jsp
#

---------------  S U M M A R Y ------------

Command Line: -XX:+ShowCodeDetailsInExceptionMessages -agentlib:jdwp=transport=dt_socket,suspend=y,address=localhost:57261 -javaagent:C:\eclipse\configuration\org.eclipse.osgi\222\0\.cp\lib\javaagent-shaded.jar -Dfile.encoding=UTF-8 day0422.MonthCal

Host: Intel(R) Core(TM) i5-2500 CPU @ 3.30GHz, 4 cores, 7G,  Windows 10 , 64 bit Build 18362 (10.0.18362.329)
Time: Fri Apr 22 15:11:26 2022 ¢¥eCN©öI¡¾©ö C¡ÍA¨ª¨öA elapsed time: 2743.067501 seconds (0d 0h 45m 43s)

---------------  T H R E A D  ---------------

Current thread (0x0000011d7d256960):  JavaThread "JDWP Transport Listener: dt_socket" daemon [_thread_in_vm, id=4076, stack(0x0000001804800000,0x0000001804900000)] _threads_hazard_ptr=0x0000011d7d29e350

Stack: [0x0000001804800000,0x0000001804900000]
Native frames: (J=compiled Java code, j=interpreted, Vv=VM code, C=native code)
V  [jvm.dll+0x62ae9a]
V  [jvm.dll+0x7817a9]
V  [jvm.dll+0x782f03]
V  [jvm.dll+0x783517]
V  [jvm.dll+0x21628c]
V  [jvm.dll+0x2161d3]
V  [jvm.dll+0x619eea]
V  [jvm.dll+0x619ba3]
V  [jvm.dll+0x5df278]
V  [jvm.dll+0x77876f]
V  [jvm.dll+0x4f02e1]
V  [jvm.dll+0x7882b5]
V  [jvm.dll+0x4d3f00]
V  [jvm.dll+0x4956db]
C  [jdwp.dll+0x8221]


---------------  P R O C E S S  ---------------

Threads class SMR info:
_java_thread_list=0x0000011d7d29e350, length=14, elements={
0x0000011d62c94540, 0x0000011d7c7a1380, 0x0000011d7c7abac0, 0x0000011d7cfbde00,
0x0000011d7cfbe2d0, 0x0000011d7d00df60, 0x0000011d7cfbf4e0, 0x0000011d7d00e760,
0x0000011d7d00ec70, 0x0000011d7d100bf0, 0x0000011d7d256960, 0x0000011d7d256e50,
0x0000011d7d2c0510, 0x0000011d7d7de9b0
}

Java Threads: ( => current thread )
  0x0000011d62c94540 JavaThread "main" [_thread_blocked, id=7556, stack(0x0000001803800000,0x0000001803900000)]
  0x0000011d7c7a1380 JavaThread "Reference Handler" daemon [_thread_blocked, id=3868, stack(0x0000001803f00000,0x0000001804000000)]
  0x0000011d7c7abac0 JavaThread "Finalizer" daemon [_thread_blocked, id=3640, stack(0x0000001804000000,0x0000001804100000)]
  0x0000011d7cfbde00 JavaThread "Signal Dispatcher" daemon [_thread_blocked, id=2976, stack(0x0000001804100000,0x0000001804200000)]
  0x0000011d7cfbe2d0 JavaThread "Attach Listener" daemon [_thread_blocked, id=2920, stack(0x0000001804200000,0x0000001804300000)]
  0x0000011d7d00df60 JavaThread "Service Thread" daemon [_thread_blocked, id=440, stack(0x0000001804300000,0x0000001804400000)]
  0x0000011d7cfbf4e0 JavaThread "C2 CompilerThread0" daemon [_thread_blocked, id=11808, stack(0x0000001804400000,0x0000001804500000)]
  0x0000011d7d00e760 JavaThread "C1 CompilerThread0" daemon [_thread_blocked, id=10420, stack(0x0000001804500000,0x0000001804600000)]
  0x0000011d7d00ec70 JavaThread "Sweeper thread" daemon [_thread_blocked, id=11176, stack(0x0000001804600000,0x0000001804700000)]
  0x0000011d7d100bf0 JavaThread "Common-Cleaner" daemon [_thread_blocked, id=6640, stack(0x0000001804700000,0x0000001804800000)]
=>0x0000011d7d256960 JavaThread "JDWP Transport Listener: dt_socket" daemon [_thread_in_vm, id=4076, stack(0x0000001804800000,0x0000001804900000)] _threads_hazard_ptr=0x0000011d7d29e350
  0x0000011d7d256e50 JavaThread "JDWP Event Helper Thread" daemon [_thread_blocked, id=9396, stack(0x0000001804900000,0x0000001804a00000)]
  0x0000011d7d2c0510 JavaThread "JDWP Command Reader" daemon [_thread_in_native, id=6900, stack(0x0000001804a00000,0x0000001804b00000)]
  0x0000011d7d7de9b0 JavaThread "Notification Thread" daemon [_thread_blocked, id=8268, stack(0x0000001804c00000,0x0000001804d00000)]

Other Threads:
  0x0000011d7c78cee0 VMThread "VM Thread" [stack: 0x0000001803e00000,0x0000001803f00000] [id=932]
  0x0000011d62c955f0 WatcherThread [stack: 0x0000001804d00000,0x0000001804e00000] [id=9296]
  0x0000011d62cd3e60 GCTaskThread "GC Thread#0" [stack: 0x0000001803900000,0x0000001803a00000] [id=11704]
  0x0000011d62ce5e40 ConcurrentGCThread "G1 Main Marker" [stack: 0x0000001803a00000,0x0000001803b00000] [id=6300]
  0x0000011d62ce80e0 ConcurrentGCThread "G1 Conc#0" [stack: 0x0000001803b00000,0x0000001803c00000] [id=3412]
  0x0000011d62d55940 ConcurrentGCThread "G1 Refine#0" [stack: 0x0000001803c00000,0x0000001803d00000] [id=2392]
  0x0000011d62d56050 ConcurrentGCThread "G1 Young RemSet Sampling" [stack: 0x0000001803d00000,0x0000001803e00000] [id=4408]

Threads with active compile tasks:

VM state: not at safepoint (normal execution)

VM Mutex/Monitor currently owned by a thread: None

Heap address: 0x0000000080400000, size: 2044 MB, Compressed Oops mode: 32-bit
CDS disabled.
Compressed class space mapped at: 0x0000000100000000-0x0000000140000000, size: 1073741824
Narrow klass base: 0x0000000000000000, Narrow klass shift: 3, Narrow klass range: 0x140000000

GC Precious Log:
 CPUs: 4 total, 4 available
 Memory: 8174M
 Large Page Support: Disabled
 NUMA Support: Disabled
 Compressed Oops: Enabled (32-bit)
 Heap Region Size: 1M
 Heap Min Capacity: 8M
 Heap Initial Capacity: 128M
 Heap Max Capacity: 2044M
 Pre-touch: Disabled
 Parallel Workers: 4
 Concurrent Workers: 1
 Concurrent Refinement Workers: 4
 Periodic GC: Disabled

Heap:
 garbage-first heap   total 131072K, used 6144K [0x0000000080400000, 0x0000000100000000)
  region size 1024K, 7 young (7168K), 0 survivors (0K)
 Metaspace       used 10253K, capacity 10424K, committed 10752K, reserved 1058816K
  class space    used 879K, capacity 919K, committed 1024K, reserved 1048576K

Heap Regions: E=young(eden), S=young(survivor), O=old, HS=humongous(starts), HC=humongous(continues), CS=collection set, F=free, OA=open archive, CA=closed archive, TAMS=top-at-mark-start (previous, next)
|   0|0x0000000080400000, 0x0000000080400000, 0x0000000080500000|  0%| F|  |TAMS 0x0000000080400000, 0x0000000080400000| Untracked 
|   1|0x0000000080500000, 0x0000000080500000, 0x0000000080600000|  0%| F|  |TAMS 0x0000000080500000, 0x0000000080500000| Untracked 
|   2|0x0000000080600000, 0x0000000080600000, 0x0000000080700000|  0%| F|  |TAMS 0x0000000080600000, 0x0000000080600000| Untracked 
|   3|0x0000000080700000, 0x0000000080700000, 0x0000000080800000|  0%| F|  |TAMS 0x0000000080700000, 0x0000000080700000| Untracked 
|   4|0x0000000080800000, 0x0000000080800000, 0x0000000080900000|  0%| F|  |TAMS 0x0000000080800000, 0x0000000080800000| Untracked 
|   5|0x0000000080900000, 0x0000000080900000, 0x0000000080a00000|  0%| F|  |TAMS 0x0000000080900000, 0x0000000080900000| Untracked 
|   6|0x0000000080a00000, 0x0000000080a00000, 0x0000000080b00000|  0%| F|  |TAMS 0x0000000080a00000, 0x0000000080a00000| Untracked 
|   7|0x0000000080b00000, 0x0000000080b00000, 0x0000000080c00000|  0%| F|  |TAMS 0x0000000080b00000, 0x0000000080b00000| Untracked 
|   8|0x0000000080c00000, 0x0000000080c00000, 0x0000000080d00000|  0%| F|  |TAMS 0x0000000080c00000, 0x0000000080c00000| Untracked 
|   9|0x0000000080d00000, 0x0000000080d00000, 0x0000000080e00000|  0%| F|  |TAMS 0x0000000080d00000, 0x0000000080d00000| Untracked 
|  10|0x0000000080e00000, 0x0000000080e00000, 0x0000000080f00000|  0%| F|  |TAMS 0x0000000080e00000, 0x0000000080e00000| Untracked 
|  11|0x0000000080f00000, 0x0000000080f00000, 0x0000000081000000|  0%| F|  |TAMS 0x0000000080f00000, 0x0000000080f00000| Untracked 
|  12|0x0000000081000000, 0x0000000081000000, 0x0000000081100000|  0%| F|  |TAMS 0x0000000081000000, 0x0000000081000000| Untracked 
|  13|0x0000000081100000, 0x0000000081100000, 0x0000000081200000|  0%| F|  |TAMS 0x0000000081100000, 0x0000000081100000| Untracked 
|  14|0x0000000081200000, 0x0000000081200000, 0x0000000081300000|  0%| F|  |TAMS 0x0000000081200000, 0x0000000081200000| Untracked 
|  15|0x0000000081300000, 0x0000000081300000, 0x0000000081400000|  0%| F|  |TAMS 0x0000000081300000, 0x0000000081300000| Untracked 
|  16|0x0000000081400000, 0x0000000081400000, 0x0000000081500000|  0%| F|  |TAMS 0x0000000081400000, 0x0000000081400000| Untracked 
|  17|0x0000000081500000, 0x0000000081500000, 0x0000000081600000|  0%| F|  |TAMS 0x0000000081500000, 0x0000000081500000| Untracked 
|  18|0x0000000081600000, 0x0000000081600000, 0x0000000081700000|  0%| F|  |TAMS 0x0000000081600000, 0x0000000081600000| Untracked 
|  19|0x0000000081700000, 0x0000000081700000, 0x0000000081800000|  0%| F|  |TAMS 0x0000000081700000, 0x0000000081700000| Untracked 
|  20|0x0000000081800000, 0x0000000081800000, 0x0000000081900000|  0%| F|  |TAMS 0x0000000081800000, 0x0000000081800000| Untracked 
|  21|0x0000000081900000, 0x0000000081900000, 0x0000000081a00000|  0%| F|  |TAMS 0x0000000081900000, 0x0000000081900000| Untracked 
|  22|0x0000000081a00000, 0x0000000081a00000, 0x0000000081b00000|  0%| F|  |TAMS 0x0000000081a00000, 0x0000000081a00000| Untracked 
|  23|0x0000000081b00000, 0x0000000081b00000, 0x0000000081c00000|  0%| F|  |TAMS 0x0000000081b00000, 0x0000000081b00000| Untracked 
|  24|0x0000000081c00000, 0x0000000081c00000, 0x0000000081d00000|  0%| F|  |TAMS 0x0000000081c00000, 0x0000000081c00000| Untracked 
|  25|0x0000000081d00000, 0x0000000081d00000, 0x0000000081e00000|  0%| F|  |TAMS 0x0000000081d00000, 0x0000000081d00000| Untracked 
|  26|0x0000000081e00000, 0x0000000081e00000, 0x0000000081f00000|  0%| F|  |TAMS 0x0000000081e00000, 0x0000000081e00000| Untracked 
|  27|0x0000000081f00000, 0x0000000081f00000, 0x0000000082000000|  0%| F|  |TAMS 0x0000000081f00000, 0x0000000081f00000| Untracked 
|  28|0x0000000082000000, 0x0000000082000000, 0x0000000082100000|  0%| F|  |TAMS 0x0000000082000000, 0x0000000082000000| Untracked 
|  29|0x0000000082100000, 0x0000000082100000, 0x0000000082200000|  0%| F|  |TAMS 0x0000000082100000, 0x0000000082100000| Untracked 
|  30|0x0000000082200000, 0x0000000082200000, 0x0000000082300000|  0%| F|  |TAMS 0x0000000082200000, 0x0000000082200000| Untracked 
|  31|0x0000000082300000, 0x0000000082300000, 0x0000000082400000|  0%| F|  |TAMS 0x0000000082300000, 0x0000000082300000| Untracked 
|  32|0x0000000082400000, 0x0000000082400000, 0x0000000082500000|  0%| F|  |TAMS 0x0000000082400000, 0x0000000082400000| Untracked 
|  33|0x0000000082500000, 0x0000000082500000, 0x0000000082600000|  0%| F|  |TAMS 0x0000000082500000, 0x0000000082500000| Untracked 
|  34|0x0000000082600000, 0x0000000082600000, 0x0000000082700000|  0%| F|  |TAMS 0x0000000082600000, 0x0000000082600000| Untracked 
|  35|0x0000000082700000, 0x0000000082700000, 0x0000000082800000|  0%| F|  |TAMS 0x0000000082700000, 0x0000000082700000| Untracked 
|  36|0x0000000082800000, 0x0000000082800000, 0x0000000082900000|  0%| F|  |TAMS 0x0000000082800000, 0x0000000082800000| Untracked 
|  37|0x0000000082900000, 0x0000000082900000, 0x0000000082a00000|  0%| F|  |TAMS 0x0000000082900000, 0x0000000082900000| Untracked 
|  38|0x0000000082a00000, 0x0000000082a00000, 0x0000000082b00000|  0%| F|  |TAMS 0x0000000082a00000, 0x0000000082a00000| Untracked 
|  39|0x0000000082b00000, 0x0000000082b00000, 0x0000000082c00000|  0%| F|  |TAMS 0x0000000082b00000, 0x0000000082b00000| Untracked 
|  40|0x0000000082c00000, 0x0000000082c00000, 0x0000000082d00000|  0%| F|  |TAMS 0x0000000082c00000, 0x0000000082c00000| Untracked 
|  41|0x0000000082d00000, 0x0000000082d00000, 0x0000000082e00000|  0%| F|  |TAMS 0x0000000082d00000, 0x0000000082d00000| Untracked 
|  42|0x0000000082e00000, 0x0000000082e00000, 0x0000000082f00000|  0%| F|  |TAMS 0x0000000082e00000, 0x0000000082e00000| Untracked 
|  43|0x0000000082f00000, 0x0000000082f00000, 0x0000000083000000|  0%| F|  |TAMS 0x0000000082f00000, 0x0000000082f00000| Untracked 
|  44|0x0000000083000000, 0x0000000083000000, 0x0000000083100000|  0%| F|  |TAMS 0x0000000083000000, 0x0000000083000000| Untracked 
|  45|0x0000000083100000, 0x0000000083100000, 0x0000000083200000|  0%| F|  |TAMS 0x0000000083100000, 0x0000000083100000| Untracked 
|  46|0x0000000083200000, 0x0000000083200000, 0x0000000083300000|  0%| F|  |TAMS 0x0000000083200000, 0x0000000083200000| Untracked 
|  47|0x0000000083300000, 0x0000000083300000, 0x0000000083400000|  0%| F|  |TAMS 0x0000000083300000, 0x0000000083300000| Untracked 
|  48|0x0000000083400000, 0x0000000083400000, 0x0000000083500000|  0%| F|  |TAMS 0x0000000083400000, 0x0000000083400000| Untracked 
|  49|0x0000000083500000, 0x0000000083500000, 0x0000000083600000|  0%| F|  |TAMS 0x0000000083500000, 0x0000000083500000| Untracked 
|  50|0x0000000083600000, 0x0000000083600000, 0x0000000083700000|  0%| F|  |TAMS 0x0000000083600000, 0x0000000083600000| Untracked 
|  51|0x0000000083700000, 0x0000000083700000, 0x0000000083800000|  0%| F|  |TAMS 0x0000000083700000, 0x0000000083700000| Untracked 
|  52|0x0000000083800000, 0x0000000083800000, 0x0000000083900000|  0%| F|  |TAMS 0x0000000083800000, 0x0000000083800000| Untracked 
|  53|0x0000000083900000, 0x0000000083900000, 0x0000000083a00000|  0%| F|  |TAMS 0x0000000083900000, 0x0000000083900000| Untracked 
|  54|0x0000000083a00000, 0x0000000083a00000, 0x0000000083b00000|  0%| F|  |TAMS 0x0000000083a00000, 0x0000000083a00000| Untracked 
|  55|0x0000000083b00000, 0x0000000083b00000, 0x0000000083c00000|  0%| F|  |TAMS 0x0000000083b00000, 0x0000000083b00000| Untracked 
|  56|0x0000000083c00000, 0x0000000083c00000, 0x0000000083d00000|  0%| F|  |TAMS 0x0000000083c00000, 0x0000000083c00000| Untracked 
|  57|0x0000000083d00000, 0x0000000083d00000, 0x0000000083e00000|  0%| F|  |TAMS 0x0000000083d00000, 0x0000000083d00000| Untracked 
|  58|0x0000000083e00000, 0x0000000083e00000, 0x0000000083f00000|  0%| F|  |TAMS 0x0000000083e00000, 0x0000000083e00000| Untracked 
|  59|0x0000000083f00000, 0x0000000083f00000, 0x0000000084000000|  0%| F|  |TAMS 0x0000000083f00000, 0x0000000083f00000| Untracked 
|  60|0x0000000084000000, 0x0000000084000000, 0x0000000084100000|  0%| F|  |TAMS 0x0000000084000000, 0x0000000084000000| Untracked 
|  61|0x0000000084100000, 0x0000000084100000, 0x0000000084200000|  0%| F|  |TAMS 0x0000000084100000, 0x0000000084100000| Untracked 
|  62|0x0000000084200000, 0x0000000084200000, 0x0000000084300000|  0%| F|  |TAMS 0x0000000084200000, 0x0000000084200000| Untracked 
|  63|0x0000000084300000, 0x0000000084300000, 0x0000000084400000|  0%| F|  |TAMS 0x0000000084300000, 0x0000000084300000| Untracked 
|  64|0x0000000084400000, 0x0000000084400000, 0x0000000084500000|  0%| F|  |TAMS 0x0000000084400000, 0x0000000084400000| Untracked 
|  65|0x0000000084500000, 0x0000000084500000, 0x0000000084600000|  0%| F|  |TAMS 0x0000000084500000, 0x0000000084500000| Untracked 
|  66|0x0000000084600000, 0x0000000084600000, 0x0000000084700000|  0%| F|  |TAMS 0x0000000084600000, 0x0000000084600000| Untracked 
|  67|0x0000000084700000, 0x0000000084700000, 0x0000000084800000|  0%| F|  |TAMS 0x0000000084700000, 0x0000000084700000| Untracked 
|  68|0x0000000084800000, 0x0000000084800000, 0x0000000084900000|  0%| F|  |TAMS 0x0000000084800000, 0x0000000084800000| Untracked 
|  69|0x0000000084900000, 0x0000000084900000, 0x0000000084a00000|  0%| F|  |TAMS 0x0000000084900000, 0x0000000084900000| Untracked 
|  70|0x0000000084a00000, 0x0000000084a00000, 0x0000000084b00000|  0%| F|  |TAMS 0x0000000084a00000, 0x0000000084a00000| Untracked 
|  71|0x0000000084b00000, 0x0000000084b00000, 0x0000000084c00000|  0%| F|  |TAMS 0x0000000084b00000, 0x0000000084b00000| Untracked 
|  72|0x0000000084c00000, 0x0000000084c00000, 0x0000000084d00000|  0%| F|  |TAMS 0x0000000084c00000, 0x0000000084c00000| Untracked 
|  73|0x0000000084d00000, 0x0000000084d00000, 0x0000000084e00000|  0%| F|  |TAMS 0x0000000084d00000, 0x0000000084d00000| Untracked 
|  74|0x0000000084e00000, 0x0000000084e00000, 0x0000000084f00000|  0%| F|  |TAMS 0x0000000084e00000, 0x0000000084e00000| Untracked 
|  75|0x0000000084f00000, 0x0000000084f00000, 0x0000000085000000|  0%| F|  |TAMS 0x0000000084f00000, 0x0000000084f00000| Untracked 
|  76|0x0000000085000000, 0x0000000085000000, 0x0000000085100000|  0%| F|  |TAMS 0x0000000085000000, 0x0000000085000000| Untracked 
|  77|0x0000000085100000, 0x0000000085100000, 0x0000000085200000|  0%| F|  |TAMS 0x0000000085100000, 0x0000000085100000| Untracked 
|  78|0x0000000085200000, 0x0000000085200000, 0x0000000085300000|  0%| F|  |TAMS 0x0000000085200000, 0x0000000085200000| Untracked 
|  79|0x0000000085300000, 0x0000000085300000, 0x0000000085400000|  0%| F|  |TAMS 0x0000000085300000, 0x0000000085300000| Untracked 
|  80|0x0000000085400000, 0x0000000085400000, 0x0000000085500000|  0%| F|  |TAMS 0x0000000085400000, 0x0000000085400000| Untracked 
|  81|0x0000000085500000, 0x0000000085500000, 0x0000000085600000|  0%| F|  |TAMS 0x0000000085500000, 0x0000000085500000| Untracked 
|  82|0x0000000085600000, 0x0000000085600000, 0x0000000085700000|  0%| F|  |TAMS 0x0000000085600000, 0x0000000085600000| Untracked 
|  83|0x0000000085700000, 0x0000000085700000, 0x0000000085800000|  0%| F|  |TAMS 0x0000000085700000, 0x0000000085700000| Untracked 
|  84|0x0000000085800000, 0x0000000085800000, 0x0000000085900000|  0%| F|  |TAMS 0x0000000085800000, 0x0000000085800000| Untracked 
|  85|0x0000000085900000, 0x0000000085900000, 0x0000000085a00000|  0%| F|  |TAMS 0x0000000085900000, 0x0000000085900000| Untracked 
|  86|0x0000000085a00000, 0x0000000085a00000, 0x0000000085b00000|  0%| F|  |TAMS 0x0000000085a00000, 0x0000000085a00000| Untracked 
|  87|0x0000000085b00000, 0x0000000085b00000, 0x0000000085c00000|  0%| F|  |TAMS 0x0000000085b00000, 0x0000000085b00000| Untracked 
|  88|0x0000000085c00000, 0x0000000085c00000, 0x0000000085d00000|  0%| F|  |TAMS 0x0000000085c00000, 0x0000000085c00000| Untracked 
|  89|0x0000000085d00000, 0x0000000085d00000, 0x0000000085e00000|  0%| F|  |TAMS 0x0000000085d00000, 0x0000000085d00000| Untracked 
|  90|0x0000000085e00000, 0x0000000085e00000, 0x0000000085f00000|  0%| F|  |TAMS 0x0000000085e00000, 0x0000000085e00000| Untracked 
|  91|0x0000000085f00000, 0x0000000085f00000, 0x0000000086000000|  0%| F|  |TAMS 0x0000000085f00000, 0x0000000085f00000| Untracked 
|  92|0x0000000086000000, 0x0000000086000000, 0x0000000086100000|  0%| F|  |TAMS 0x0000000086000000, 0x0000000086000000| Untracked 
|  93|0x0000000086100000, 0x0000000086100000, 0x0000000086200000|  0%| F|  |TAMS 0x0000000086100000, 0x0000000086100000| Untracked 
|  94|0x0000000086200000, 0x0000000086200000, 0x0000000086300000|  0%| F|  |TAMS 0x0000000086200000, 0x0000000086200000| Untracked 
|  95|0x0000000086300000, 0x0000000086300000, 0x0000000086400000|  0%| F|  |TAMS 0x0000000086300000, 0x0000000086300000| Untracked 
|  96|0x0000000086400000, 0x0000000086400000, 0x0000000086500000|  0%| F|  |TAMS 0x0000000086400000, 0x0000000086400000| Untracked 
|  97|0x0000000086500000, 0x0000000086500000, 0x0000000086600000|  0%| F|  |TAMS 0x0000000086500000, 0x0000000086500000| Untracked 
|  98|0x0000000086600000, 0x0000000086600000, 0x0000000086700000|  0%| F|  |TAMS 0x0000000086600000, 0x0000000086600000| Untracked 
|  99|0x0000000086700000, 0x0000000086700000, 0x0000000086800000|  0%| F|  |TAMS 0x0000000086700000, 0x0000000086700000| Untracked 
| 100|0x0000000086800000, 0x0000000086800000, 0x0000000086900000|  0%| F|  |TAMS 0x0000000086800000, 0x0000000086800000| Untracked 
| 101|0x0000000086900000, 0x0000000086900000, 0x0000000086a00000|  0%| F|  |TAMS 0x0000000086900000, 0x0000000086900000| Untracked 
| 102|0x0000000086a00000, 0x0000000086a00000, 0x0000000086b00000|  0%| F|  |TAMS 0x0000000086a00000, 0x0000000086a00000| Untracked 
| 103|0x0000000086b00000, 0x0000000086b00000, 0x0000000086c00000|  0%| F|  |TAMS 0x0000000086b00000, 0x0000000086b00000| Untracked 
| 104|0x0000000086c00000, 0x0000000086c00000, 0x0000000086d00000|  0%| F|  |TAMS 0x0000000086c00000, 0x0000000086c00000| Untracked 
| 105|0x0000000086d00000, 0x0000000086d00000, 0x0000000086e00000|  0%| F|  |TAMS 0x0000000086d00000, 0x0000000086d00000| Untracked 
| 106|0x0000000086e00000, 0x0000000086e00000, 0x0000000086f00000|  0%| F|  |TAMS 0x0000000086e00000, 0x0000000086e00000| Untracked 
| 107|0x0000000086f00000, 0x0000000086f00000, 0x0000000087000000|  0%| F|  |TAMS 0x0000000086f00000, 0x0000000086f00000| Untracked 
| 108|0x0000000087000000, 0x0000000087000000, 0x0000000087100000|  0%| F|  |TAMS 0x0000000087000000, 0x0000000087000000| Untracked 
| 109|0x0000000087100000, 0x0000000087100000, 0x0000000087200000|  0%| F|  |TAMS 0x0000000087100000, 0x0000000087100000| Untracked 
| 110|0x0000000087200000, 0x0000000087200000, 0x0000000087300000|  0%| F|  |TAMS 0x0000000087200000, 0x0000000087200000| Untracked 
| 111|0x0000000087300000, 0x0000000087300000, 0x0000000087400000|  0%| F|  |TAMS 0x0000000087300000, 0x0000000087300000| Untracked 
| 112|0x0000000087400000, 0x0000000087400000, 0x0000000087500000|  0%| F|  |TAMS 0x0000000087400000, 0x0000000087400000| Untracked 
| 113|0x0000000087500000, 0x0000000087500000, 0x0000000087600000|  0%| F|  |TAMS 0x0000000087500000, 0x0000000087500000| Untracked 
| 114|0x0000000087600000, 0x0000000087600000, 0x0000000087700000|  0%| F|  |TAMS 0x0000000087600000, 0x0000000087600000| Untracked 
| 115|0x0000000087700000, 0x0000000087700000, 0x0000000087800000|  0%| F|  |TAMS 0x0000000087700000, 0x0000000087700000| Untracked 
| 116|0x0000000087800000, 0x0000000087800000, 0x0000000087900000|  0%| F|  |TAMS 0x0000000087800000, 0x0000000087800000| Untracked 
| 117|0x0000000087900000, 0x0000000087900000, 0x0000000087a00000|  0%| F|  |TAMS 0x0000000087900000, 0x0000000087900000| Untracked 
| 118|0x0000000087a00000, 0x0000000087a00000, 0x0000000087b00000|  0%| F|  |TAMS 0x0000000087a00000, 0x0000000087a00000| Untracked 
| 119|0x0000000087b00000, 0x0000000087b00000, 0x0000000087c00000|  0%| F|  |TAMS 0x0000000087b00000, 0x0000000087b00000| Untracked 
| 120|0x0000000087c00000, 0x0000000087c00000, 0x0000000087d00000|  0%| F|  |TAMS 0x0000000087c00000, 0x0000000087c00000| Untracked 
| 121|0x0000000087d00000, 0x0000000087d943a0, 0x0000000087e00000| 57%| E|  |TAMS 0x0000000087d00000, 0x0000000087d00000| Complete 
| 122|0x0000000087e00000, 0x0000000087f00000, 0x0000000087f00000|100%| E|CS|TAMS 0x0000000087e00000, 0x0000000087e00000| Complete 
| 123|0x0000000087f00000, 0x0000000088000000, 0x0000000088000000|100%| E|CS|TAMS 0x0000000087f00000, 0x0000000087f00000| Complete 
| 124|0x0000000088000000, 0x0000000088100000, 0x0000000088100000|100%| E|CS|TAMS 0x0000000088000000, 0x0000000088000000| Complete 
| 125|0x0000000088100000, 0x0000000088200000, 0x0000000088200000|100%| E|CS|TAMS 0x0000000088100000, 0x0000000088100000| Complete 
| 126|0x0000000088200000, 0x0000000088300000, 0x0000000088300000|100%| E|CS|TAMS 0x0000000088200000, 0x0000000088200000| Complete 
| 127|0x0000000088300000, 0x0000000088400000, 0x0000000088400000|100%| E|CS|TAMS 0x0000000088300000, 0x0000000088300000| Complete 

Card table byte_map: [0x0000011d75aa0000,0x0000011d75ea0000] _byte_map_base: 0x0000011d7569e000

Marking Bits (Prev, Next): (CMBitMap*) 0x0000011d62cd5560, (CMBitMap*) 0x0000011d62cd55a0
 Prev Bits: [0x0000011d762a0000, 0x0000011d78290000)
 Next Bits: [0x0000011d78290000, 0x0000011d7a280000)

Polling page: 0x0000011d60c80000

Metaspace:

Usage:
  Non-class:      9.28 MB capacity,     9.15 MB ( 99%) used,   124.96 KB (  1%) free+waste,     6.25 KB ( <1%) overhead. 
      Class:    919.00 KB capacity,   879.49 KB ( 96%) used,    37.57 KB (  4%) free+waste,     1.94 KB ( <1%) overhead. 
       Both:     10.18 MB capacity,    10.01 MB ( 98%) used,   162.53 KB (  2%) free+waste,     8.19 KB ( <1%) overhead. 

Virtual space:
  Non-class space:       10.00 MB reserved,       9.50 MB ( 95%) committed 
      Class space:        1.00 GB reserved,       1.00 MB ( <1%) committed 
             Both:        1.01 GB reserved,      10.50 MB (  1%) committed 

Chunk freelists:
   Non-Class:  31.00 KB
       Class:  9.00 KB
        Both:  40.00 KB

MaxMetaspaceSize: 17179869184.00 GB
CompressedClassSpaceSize: 1.00 GB

CodeHeap 'non-profiled nmethods': size=120000Kb used=144Kb max_used=144Kb free=119855Kb
 bounds [0x0000011d6e170000, 0x0000011d6e3e0000, 0x0000011d756a0000]
CodeHeap 'profiled nmethods': size=120000Kb used=644Kb max_used=644Kb free=119355Kb
 bounds [0x0000011d66c40000, 0x0000011d66eb0000, 0x0000011d6e170000]
CodeHeap 'non-nmethods': size=5760Kb used=1237Kb max_used=1251Kb free=4522Kb
 bounds [0x0000011d666a0000, 0x0000011d66910000, 0x0000011d66c40000]
 total_blobs=887 nmethods=484 adapters=316
 compilation: enabled
              stopped_count=0, restarted_count=0
 full_count=0

Compilation events (20 events):
Event: 0.446 Thread 0x0000011d7d00e760 nmethod 475 0x0000011d66cdec90 code [0x0000011d66cdeea0, 0x0000011d66cdf458]
Event: 0.446 Thread 0x0000011d7d00e760  477       3       java.util.Arrays::equals (57 bytes)
Event: 0.446 Thread 0x0000011d7d00e760 nmethod 477 0x0000011d66cdf790 code [0x0000011d66cdf960, 0x0000011d66cdfec8]
Event: 0.447 Thread 0x0000011d7d00e760  478       3       java.lang.StringUTF16::length (5 bytes)
Event: 0.447 Thread 0x0000011d7d00e760 nmethod 478 0x0000011d66ce0090 code [0x0000011d66ce0220, 0x0000011d66ce0318]
Event: 0.447 Thread 0x0000011d7cfbf4e0 nmethod 476 0x0000011d6e193410 code [0x0000011d6e1935a0, 0x0000011d6e1936d8]
Event: 0.449 Thread 0x0000011d7d00e760  479       3       java.lang.StringUTF16::checkBoundsOffCount (10 bytes)
Event: 0.450 Thread 0x0000011d7d00e760 nmethod 479 0x0000011d66ce0410 code [0x0000011d66ce05c0, 0x0000011d66ce0748]
Event: 92.940 Thread 0x0000011d7d00e760  480       3       org.eclipse.jdt.launching.internal.org.objectweb.asm.SymbolTable::addConstantUtf8Reference (20 bytes)
Event: 92.940 Thread 0x0000011d7d00e760 nmethod 480 0x0000011d66ce0890 code [0x0000011d66ce0a60, 0x0000011d66ce0d08]
Event: 92.940 Thread 0x0000011d7cfbf4e0  481       4       org.eclipse.jdt.launching.internal.org.objectweb.asm.ClassReader::getItem (7 bytes)
Event: 92.941 Thread 0x0000011d7d00e760  482       3       java.lang.StringUTF16::toBytes (34 bytes)
Event: 92.941 Thread 0x0000011d7cfbf4e0 nmethod 481 0x0000011d6e193810 code [0x0000011d6e193980, 0x0000011d6e193a38]
Event: 92.941 Thread 0x0000011d7d00e760 nmethod 482 0x0000011d66ce0e90 code [0x0000011d66ce1040, 0x0000011d66ce1248]
Event: 677.026 Thread 0x0000011d7d00e760  483       1       sun.instrument.TransformerManager::getSnapshotTransformerList (5 bytes)
Event: 677.026 Thread 0x0000011d7d00e760 nmethod 483 0x0000011d6e193b10 code [0x0000011d6e193ca0, 0x0000011d6e193d58]
Event: 700.668 Thread 0x0000011d7d00e760  484       1       sun.instrument.TransformerManager$TransformerInfo::transformer (5 bytes)
Event: 700.668 Thread 0x0000011d7cfbf4e0  485       4       java.lang.StringUTF16::compress (50 bytes)
Event: 700.668 Thread 0x0000011d7d00e760 nmethod 484 0x0000011d6e193e10 code [0x0000011d6e193fa0, 0x0000011d6e194058]
Event: 700.674 Thread 0x0000011d7cfbf4e0 


GC Heap History (0 events):
No events

Deoptimization events (20 events):
Event: 0.389 Thread 0x0000011d62c94540 DEOPT PACKING pc=0x0000011d66cb1f61 sp=0x00000018038f8390
Event: 0.389 Thread 0x0000011d62c94540 DEOPT UNPACKING pc=0x0000011d666ee23f sp=0x00000018038f7858 mode 0
Event: 0.389 Thread 0x0000011d62c94540 DEOPT PACKING pc=0x0000011d66cb1f61 sp=0x00000018038f8390
Event: 0.389 Thread 0x0000011d62c94540 DEOPT UNPACKING pc=0x0000011d666ee23f sp=0x00000018038f7858 mode 0
Event: 0.392 Thread 0x0000011d62c94540 DEOPT PACKING pc=0x0000011d66cb1f61 sp=0x00000018038fbe70
Event: 0.392 Thread 0x0000011d62c94540 DEOPT UNPACKING pc=0x0000011d666ee23f sp=0x00000018038fb338 mode 0
Event: 0.392 Thread 0x0000011d62c94540 DEOPT PACKING pc=0x0000011d66cb1f61 sp=0x00000018038fbe70
Event: 0.392 Thread 0x0000011d62c94540 DEOPT UNPACKING pc=0x0000011d666ee23f sp=0x00000018038fb338 mode 0
Event: 0.392 Thread 0x0000011d62c94540 DEOPT PACKING pc=0x0000011d66cb1f61 sp=0x00000018038fbe70
Event: 0.392 Thread 0x0000011d62c94540 DEOPT UNPACKING pc=0x0000011d666ee23f sp=0x00000018038fb338 mode 0
Event: 0.393 Thread 0x0000011d62c94540 DEOPT PACKING pc=0x0000011d66cb1f61 sp=0x00000018038f8310
Event: 0.393 Thread 0x0000011d62c94540 DEOPT UNPACKING pc=0x0000011d666ee23f sp=0x00000018038f77d8 mode 0
Event: 0.396 Thread 0x0000011d62c94540 Uncommon trap: trap_request=0xffffff45 fr.pc=0x0000011d6e178d88 relative=0x00000000000001e8
Event: 0.396 Thread 0x0000011d62c94540 Uncommon trap: reason=unstable_if action=reinterpret pc=0x0000011d6e178d88 method=java.lang.String.isLatin1()Z @ 10 c2
Event: 0.396 Thread 0x0000011d62c94540 DEOPT PACKING pc=0x0000011d6e178d88 sp=0x00000018038fce30
Event: 0.396 Thread 0x0000011d62c94540 DEOPT UNPACKING pc=0x0000011d666ee42f sp=0x00000018038fcd68 mode 2
Event: 0.447 Thread 0x0000011d62c94540 Uncommon trap: trap_request=0xffffff45 fr.pc=0x0000011d6e182844 relative=0x0000000000000044
Event: 0.447 Thread 0x0000011d62c94540 Uncommon trap: reason=unstable_if action=reinterpret pc=0x0000011d6e182844 method=java.lang.CharacterData.of(I)Ljava/lang/CharacterData; @ 4 c2
Event: 0.447 Thread 0x0000011d62c94540 DEOPT PACKING pc=0x0000011d6e182844 sp=0x00000018038fec40
Event: 0.447 Thread 0x0000011d62c94540 DEOPT UNPACKING pc=0x0000011d666ee42f sp=0x00000018038febe0 mode 2

Classes unloaded (0 events):
No events

Classes redefined (7 events):
Event: 44.842 Thread 0x0000011d7c78cee0 redefined class name=day0422.MonthCal, count=1
Event: 66.366 Thread 0x0000011d7c78cee0 redefined class name=day0422.MonthCal, count=2
Event: 92.942 Thread 0x0000011d7c78cee0 redefined class name=day0422.MonthCal, count=3
Event: 96.422 Thread 0x0000011d7c78cee0 redefined class name=day0422.MonthCal, count=4
Event: 656.891 Thread 0x0000011d7c78cee0 redefined class name=day0422.MonthCal, count=5
Event: 677.027 Thread 0x0000011d7c78cee0 redefined class name=day0422.MonthCal, count=6
Event: 700.669 Thread 0x0000011d7c78cee0 redefined class name=day0422.MonthCal, count=7

Internal exceptions (4 events):
Event: 0.269 Thread 0x0000011d62c94540 Exception <a 'java/lang/NoSuchMethodError'{0x0000000088142288}: 'void java.lang.invoke.DirectMethodHandle$Holder.invokeStatic(java.lang.Object, java.lang.Object)'> (0x0000000088142288) 
thrown [./open/src/hotspot/share/interpreter/linkResolver.cpp, line 782]
Event: 0.270 Thread 0x0000011d62c94540 Exception <a 'java/lang/NoSuchMethodError'{0x0000000088146178}: 'void java.lang.invoke.DirectMethodHandle$Holder.invokeStaticInit(java.lang.Object, java.lang.Object)'> (0x0000000088146178) 
thrown [./open/src/hotspot/share/interpreter/linkResolver.cpp, line 782]
Event: 0.366 Thread 0x0000011d62c94540 Exception <a 'java/lang/NoSuchMethodError'{0x0000000087f25740}: 'java.lang.Object java.lang.invoke.DirectMethodHandle$Holder.invokeStatic(java.lang.Object)'> (0x0000000087f25740) 
thrown [./open/src/hotspot/share/interpreter/linkResolver.cpp, line 782]
Event: 2743.065 Thread 0x0000011d7d256960 Exception <a 'java/lang/LinkageError'{0x00000000882f3760}> (0x00000000882f3760) 
thrown [./open/src/hotspot/share/oops/generateOopMap.cpp, line 2137]

Events (20 events):
Event: 677.026 Executing VM operation: RedefineClasses
Event: 677.028 Executing VM operation: RedefineClasses done
Event: 677.031 Executing VM operation: ChangeBreakpoints
Event: 677.031 Executing VM operation: ChangeBreakpoints done
Event: 677.032 Executing VM operation: GetFrameCount
Event: 677.032 Executing VM operation: GetFrameCount done
Event: 677.032 Executing VM operation: GetStackTrace
Event: 677.032 Executing VM operation: GetStackTrace done
Event: 677.051 Executing VM operation: GetFrameCount
Event: 677.051 Executing VM operation: GetFrameCount done
Event: 700.668 Executing VM operation: RedefineClasses
Event: 700.670 Executing VM operation: RedefineClasses done
Event: 700.674 Executing VM operation: ChangeBreakpoints
Event: 700.674 Executing VM operation: ChangeBreakpoints done
Event: 700.674 Executing VM operation: GetFrameCount
Event: 700.675 Executing VM operation: GetFrameCount done
Event: 700.675 Executing VM operation: GetStackTrace
Event: 700.675 Executing VM operation: GetStackTrace done
Event: 700.686 Executing VM operation: GetFrameCount
Event: 700.686 Executing VM operation: GetFrameCount done


Dynamic libraries:
0x00007ff75f710000 - 0x00007ff75f71d000 	C:\eclipse\plugins\org.eclipse.justj.openjdk.hotspot.jre.full.win32.x86_64_15.0.2.v20210201-0955\jre\bin\javaw.exe
0x00007ff8009a0000 - 0x00007ff800b90000 	C:\Windows\SYSTEM32\ntdll.dll
0x00007ffffff30000 - 0x00007ffffffe2000 	C:\Windows\System32\KERNEL32.DLL
0x00007ffffd920000 - 0x00007ffffdbc3000 	C:\Windows\System32\KERNELBASE.dll
0x00007ffffe8b0000 - 0x00007ffffe9aa000 	C:\Windows\System32\ucrtbase.dll
0x00007ffff9dd0000 - 0x00007ffff9de9000 	C:\eclipse\plugins\org.eclipse.justj.openjdk.hotspot.jre.full.win32.x86_64_15.0.2.v20210201-0955\jre\bin\VCRUNTIME140.dll
0x00007ffff9db0000 - 0x00007ffff9dc8000 	C:\eclipse\plugins\org.eclipse.justj.openjdk.hotspot.jre.full.win32.x86_64_15.0.2.v20210201-0955\jre\bin\jli.dll
0x00007ff800580000 - 0x00007ff800714000 	C:\Windows\System32\USER32.dll
0x00007ffffe030000 - 0x00007ffffe051000 	C:\Windows\System32\win32u.dll
0x00007ffff7b50000 - 0x00007ffff7dd5000 	C:\Windows\WinSxS\amd64_microsoft.windows.common-controls_6595b64144ccf1df_6.0.18362.476_none_e6c4b11b130f2595\COMCTL32.dll
0x00007ff800290000 - 0x00007ff8002b6000 	C:\Windows\System32\GDI32.dll
0x00007ffffeed0000 - 0x00007ffffef6e000 	C:\Windows\System32\msvcrt.dll
0x00007ffffdcf0000 - 0x00007ffffde84000 	C:\Windows\System32\gdi32full.dll
0x00007ffffdbd0000 - 0x00007ffffdc6e000 	C:\Windows\System32\msvcp_win.dll
0x00007ffffea40000 - 0x00007ffffed76000 	C:\Windows\System32\combase.dll
0x00007ff800740000 - 0x00007ff800860000 	C:\Windows\System32\RPCRT4.dll
0x00007ffffdc70000 - 0x00007ffffdcf0000 	C:\Windows\System32\bcryptPrimitives.dll
0x00007ff8002c0000 - 0x00007ff8002ee000 	C:\Windows\System32\IMM32.DLL
0x00007ffffa2f0000 - 0x00007ffffa2fc000 	C:\eclipse\plugins\org.eclipse.justj.openjdk.hotspot.jre.full.win32.x86_64_15.0.2.v20210201-0955\jre\bin\vcruntime140_1.dll
0x00007ffff3160000 - 0x00007ffff31f1000 	C:\eclipse\plugins\org.eclipse.justj.openjdk.hotspot.jre.full.win32.x86_64_15.0.2.v20210201-0955\jre\bin\msvcp140.dll
0x00007fffc0df0000 - 0x00007fffc194e000 	C:\eclipse\plugins\org.eclipse.justj.openjdk.hotspot.jre.full.win32.x86_64_15.0.2.v20210201-0955\jre\bin\server\jvm.dll
0x00007ffffefe0000 - 0x00007fffff083000 	C:\Windows\System32\ADVAPI32.dll
0x00007ffffed80000 - 0x00007ffffee17000 	C:\Windows\System32\sechost.dll
0x00007ff800860000 - 0x00007ff800868000 	C:\Windows\System32\PSAPI.DLL
0x00007ffff2750000 - 0x00007ffff2759000 	C:\Windows\SYSTEM32\WSOCK32.dll
0x00007ffffb9e0000 - 0x00007ffffba04000 	C:\Windows\SYSTEM32\WINMM.dll
0x00007ff800000000 - 0x00007ff80006f000 	C:\Windows\System32\WS2_32.dll
0x00007ffff80c0000 - 0x00007ffff80ca000 	C:\Windows\SYSTEM32\VERSION.dll
0x00007ffffb9b0000 - 0x00007ffffb9dd000 	C:\Windows\SYSTEM32\winmmbase.dll
0x00007ffffde90000 - 0x00007ffffdeda000 	C:\Windows\System32\cfgmgr32.dll
0x00007ffffd870000 - 0x00007ffffd881000 	C:\Windows\System32\kernel.appcore.dll
0x00007ffff0ac0000 - 0x00007ffff0aca000 	C:\eclipse\plugins\org.eclipse.justj.openjdk.hotspot.jre.full.win32.x86_64_15.0.2.v20210201-0955\jre\bin\jimage.dll
0x00007fffefd70000 - 0x00007fffeff64000 	C:\Windows\SYSTEM32\DBGHELP.DLL
0x00007fffefb10000 - 0x00007fffefb3a000 	C:\Windows\SYSTEM32\dbgcore.DLL
0x00007ffff4dc0000 - 0x00007ffff4df9000 	C:\eclipse\plugins\org.eclipse.justj.openjdk.hotspot.jre.full.win32.x86_64_15.0.2.v20210201-0955\jre\bin\jdwp.dll
0x00007ffff9d80000 - 0x00007ffff9d8e000 	C:\eclipse\plugins\org.eclipse.justj.openjdk.hotspot.jre.full.win32.x86_64_15.0.2.v20210201-0955\jre\bin\instrument.dll
0x00007fffc8f20000 - 0x00007fffc8f45000 	C:\eclipse\plugins\org.eclipse.justj.openjdk.hotspot.jre.full.win32.x86_64_15.0.2.v20210201-0955\jre\bin\java.dll
0x00007fffe9530000 - 0x00007fffe9548000 	C:\eclipse\plugins\org.eclipse.justj.openjdk.hotspot.jre.full.win32.x86_64_15.0.2.v20210201-0955\jre\bin\zip.dll
0x00007fffff0f0000 - 0x00007fffff7d5000 	C:\Windows\System32\SHELL32.dll
0x00007ffffee20000 - 0x00007ffffeec9000 	C:\Windows\System32\shcore.dll
0x00007ffffe130000 - 0x00007ffffe8ae000 	C:\Windows\System32\windows.storage.dll
0x00007ffffd890000 - 0x00007ffffd8af000 	C:\Windows\System32\profapi.dll
0x00007ffffd8b0000 - 0x00007ffffd8fa000 	C:\Windows\System32\powrprof.dll
0x00007ffffd860000 - 0x00007ffffd870000 	C:\Windows\System32\UMPDC.dll
0x00007ff800230000 - 0x00007ff800282000 	C:\Windows\System32\shlwapi.dll
0x00007ffffe110000 - 0x00007ffffe127000 	C:\Windows\System32\cryptsp.dll
0x00007ffff9c60000 - 0x00007ffff9c6b000 	C:\eclipse\plugins\org.eclipse.justj.openjdk.hotspot.jre.full.win32.x86_64_15.0.2.v20210201-0955\jre\bin\dt_socket.dll
0x00007ffffcd80000 - 0x00007ffffcdba000 	C:\Windows\SYSTEM32\IPHLPAPI.DLL
0x00007ffffd070000 - 0x00007ffffd0d7000 	C:\Windows\system32\mswsock.dll
0x00007ffffcdc0000 - 0x00007ffffce8a000 	C:\Windows\SYSTEM32\DNSAPI.dll
0x00007ffffefd0000 - 0x00007ffffefd8000 	C:\Windows\System32\NSI.dll
0x00007ffff67a0000 - 0x00007ffff67aa000 	C:\Windows\System32\rasadhlp.dll
0x00007ffff8560000 - 0x00007ffff85d7000 	C:\Windows\System32\fwpuclnt.dll
0x00007ffffe9b0000 - 0x00007ffffe9d6000 	C:\Windows\System32\bcrypt.dll
0x00007fffe8fe0000 - 0x00007fffe8ff9000 	C:\eclipse\plugins\org.eclipse.justj.openjdk.hotspot.jre.full.win32.x86_64_15.0.2.v20210201-0955\jre\bin\net.dll
0x00007ffff7150000 - 0x00007ffff7240000 	C:\Windows\SYSTEM32\WINHTTP.dll
0x00007fffe6780000 - 0x00007fffe6792000 	C:\eclipse\plugins\org.eclipse.justj.openjdk.hotspot.jre.full.win32.x86_64_15.0.2.v20210201-0955\jre\bin\nio.dll
0x00007ffff0a40000 - 0x00007ffff0a50000 	C:\eclipse\plugins\org.eclipse.justj.openjdk.hotspot.jre.full.win32.x86_64_15.0.2.v20210201-0955\jre\bin\verify.dll

dbghelp: loaded successfully - version: 4.0.5 - missing functions: none
symbol engine: initialized successfully - sym options: 0x614 - pdb path: .;C:\eclipse\plugins\org.eclipse.justj.openjdk.hotspot.jre.full.win32.x86_64_15.0.2.v20210201-0955\jre\bin;C:\Windows\SYSTEM32;C:\Windows\WinSxS\amd64_microsoft.windows.common-controls_6595b64144ccf1df_6.0.18362.476_none_e6c4b11b130f2595;C:\eclipse\plugins\org.eclipse.justj.openjdk.hotspot.jre.full.win32.x86_64_15.0.2.v20210201-0955\jre\bin\server

VM Arguments:
jvm_args: -XX:+ShowCodeDetailsInExceptionMessages -agentlib:jdwp=transport=dt_socket,suspend=y,address=localhost:57261 -javaagent:C:\eclipse\configuration\org.eclipse.osgi\222\0\.cp\lib\javaagent-shaded.jar -Dfile.encoding=UTF-8 
java_command: day0422.MonthCal
java_class_path (initial): C:\works\day0422\bin
Launcher Type: SUN_STANDARD

[Global flags]
     intx CICompilerCount                          = 3                                         {product} {ergonomic}
     uint ConcGCThreads                            = 1                                         {product} {ergonomic}
     uint G1ConcRefinementThreads                  = 4                                         {product} {ergonomic}
   size_t G1HeapRegionSize                         = 1048576                                   {product} {ergonomic}
    uintx GCDrainStackTargetSize                   = 64                                        {product} {ergonomic}
   size_t InitialHeapSize                          = 134217728                                 {product} {ergonomic}
   size_t MarkStackSize                            = 4194304                                   {product} {ergonomic}
   size_t MaxHeapSize                              = 2143289344                                {product} {ergonomic}
   size_t MaxNewSize                               = 1285554176                                {product} {ergonomic}
   size_t MinHeapDeltaBytes                        = 1048576                                   {product} {ergonomic}
   size_t MinHeapSize                              = 8388608                                   {product} {ergonomic}
    uintx NonNMethodCodeHeapSize                   = 5832780                                {pd product} {ergonomic}
    uintx NonProfiledCodeHeapSize                  = 122912730                              {pd product} {ergonomic}
    uintx ProfiledCodeHeapSize                     = 122912730                              {pd product} {ergonomic}
    uintx ReservedCodeCacheSize                    = 251658240                              {pd product} {ergonomic}
     bool SegmentedCodeCache                       = true                                      {product} {ergonomic}
     bool ShowCodeDetailsInExceptionMessages       = true                                   {manageable} {command line}
   size_t SoftMaxHeapSize                          = 2143289344                             {manageable} {ergonomic}
     bool UseCompressedClassPointers               = true                                 {lp64_product} {ergonomic}
     bool UseCompressedOops                        = true                                 {lp64_product} {ergonomic}
     bool UseG1GC                                  = true                                      {product} {ergonomic}
     bool UseLargePagesIndividualAllocation        = false                                  {pd product} {ergonomic}

Logging:
Log output configuration:
 #0: stdout all=warning uptime,level,tags
 #1: stderr all=off uptime,level,tags

Environment Variables:
JAVA_HOME=C:\jdk-11.0.2
PATH=C:\eclipse\plugins\org.eclipse.justj.openjdk.hotspot.jre.full.win32.x86_64_15.0.2.v20210201-0955\jre\bin;C:/eclipse//plugins/org.eclipse.justj.openjdk.hotspot.jre.full.win32.x86_64_15.0.2.v20210201-0955/jre/bin/server;C:/eclipse//plugins/org.eclipse.justj.openjdk.hotspot.jre.full.win32.x86_64_15.0.2.v20210201-0955/jre/bin;C:\Program Files (x86)\NVIDIA Corporation\PhysX\Common;C:\Windows\system32;C:\Windows;C:\Windows\System32\Wbem;C:\Windows\System32\WindowsPowerShell\v1.0\;C:\Windows\System32\OpenSSH\;C:\utils\jdk-11.0.2\bin;%JAVA_HOME%\BIN;C:\Program Files\Git\cmd;C:\Users\2021g5815g\AppData\Local\Microsoft\WindowsApps;C:\utils\jdk-11.0.2\bin;C:\jdk-11.0.2\BIN;;C:\eclipse;
USERNAME=2021g5815g
OS=Windows_NT
PROCESSOR_IDENTIFIER=Intel64 Family 6 Model 42 Stepping 7, GenuineIntel



---------------  S Y S T E M  ---------------

OS:
 Windows 10 , 64 bit Build 18362 (10.0.18362.329)
OS uptime: 46 days 4:28 hours

CPU: total 4 (initial active 4) (4 cores per cpu, 1 threads per core) family 6 model 42 stepping 7 microcode 0x2e, cmov, cx8, fxsr, mmx, sse, sse2, sse3, ssse3, sse4.1, sse4.2, popcnt, vzeroupper, avx, aes, clmul, tsc, tscinvbit, clflush

Memory: 4k page, system-wide physical 8174M (4617M free)
TotalPageFile size 9518M (AvailPageFile size 3962M)
current process WorkingSet (physical memory assigned to process): 46M, peak: 48M
current process commit charge ("private bytes"): 203M, peak: 204M

vm_info: OpenJDK 64-Bit Server VM (15.0.2+7-27) for windows-amd64 JRE (15.0.2+7-27), built on Dec  7 2020 20:02:38 by "mach5one" with unknown MS VC++:1925

END.
